<?xml version="1.0" encoding="UTF-8"?>
<testng-results ignored="0" total="1" passed="0" failed="1" skipped="0">
  <reporter-output>
  </reporter-output>
  <suite started-at="2024-01-04T12:53:52 IST" name="Default suite" finished-at="2024-01-04T12:54:25 IST" duration-ms="32689">
    <groups>
    </groups>
    <test started-at="2024-01-04T12:53:52 IST" name="Default test" finished-at="2024-01-04T12:54:25 IST" duration-ms="32689">
      <class name="com.tyss.magentoAutomation.TestCase.TYSS_Magento_TC001_Test">
        <test-method is-config="true" signature="databaseconnection()[pri:0, instance:com.tyss.magentoAutomation.TestCase.TYSS_Magento_TC001_Test@449a4f23]" started-at="2024-01-04T12:53:52 IST" name="databaseconnection" finished-at="2024-01-04T12:53:52 IST" duration-ms="10" status="PASS">
          <reporter-output>
          </reporter-output>
        </test-method> <!-- databaseconnection -->
        <test-method is-config="true" signature="executiontype()[pri:0, instance:com.tyss.magentoAutomation.TestCase.TYSS_Magento_TC001_Test@449a4f23]" started-at="2024-01-04T12:53:52 IST" name="executiontype" finished-at="2024-01-04T12:53:52 IST" duration-ms="4" status="PASS">
          <reporter-output>
          </reporter-output>
        </test-method> <!-- executiontype -->
        <test-method is-config="true" signature="launchBrowser()[pri:0, instance:com.tyss.magentoAutomation.TestCase.TYSS_Magento_TC001_Test@449a4f23]" started-at="2024-01-04T12:53:52 IST" name="launchBrowser" finished-at="2024-01-04T12:53:55 IST" duration-ms="2476" status="PASS">
          <reporter-output>
          </reporter-output>
        </test-method> <!-- launchBrowser -->
        <test-method is-config="true" signature="applicationlogin()[pri:0, instance:com.tyss.magentoAutomation.TestCase.TYSS_Magento_TC001_Test@449a4f23]" started-at="2024-01-04T12:53:55 IST" name="applicationlogin" finished-at="2024-01-04T12:54:03 IST" duration-ms="8536" status="PASS">
          <reporter-output>
          </reporter-output>
        </test-method> <!-- applicationlogin -->
        <test-method signature="chooseGear()[pri:0, instance:com.tyss.magentoAutomation.TestCase.TYSS_Magento_TC001_Test@449a4f23]" started-at="2024-01-04T12:54:03 IST" name="chooseGear" finished-at="2024-01-04T12:54:25 IST" duration-ms="21630" status="FAIL">
          <exception class="java.lang.AssertionError">
            <message>
              <![CDATA[unable to cart text]]>
            </message>
            <full-stacktrace>
              <![CDATA[java.lang.AssertionError: unable to cart text
at org.testng.Assert.fail(Assert.java:99)
at com.tyss.magento.pages.MagentoCartPage.checkCart(MagentoCartPage.java:56)
at com.tyss.magentoAutomation.TestCase.TYSS_Magento_TC001_Test.chooseGear(TYSS_Magento_TC001_Test.java:64)
at java.base/jdk.internal.reflect.NativeMethodAccessorImpl.invoke0(Native Method)
at java.base/jdk.internal.reflect.NativeMethodAccessorImpl.invoke(NativeMethodAccessorImpl.java:62)
at java.base/jdk.internal.reflect.DelegatingMethodAccessorImpl.invoke(DelegatingMethodAccessorImpl.java:43)
at java.base/java.lang.reflect.Method.invoke(Method.java:566)
at org.testng.internal.MethodInvocationHelper.invokeMethod(MethodInvocationHelper.java:133)
at org.testng.internal.TestInvoker.invokeMethod(TestInvoker.java:598)
at org.testng.internal.TestInvoker.invokeTestMethod(TestInvoker.java:173)
at org.testng.internal.MethodRunner.runInSequence(MethodRunner.java:46)
at org.testng.internal.TestInvoker$MethodInvocationAgent.invoke(TestInvoker.java:824)
at org.testng.internal.TestInvoker.invokeTestMethods(TestInvoker.java:146)
at org.testng.internal.TestMethodWorker.invokeTestMethods(TestMethodWorker.java:146)
at org.testng.internal.TestMethodWorker.run(TestMethodWorker.java:128)
at java.base/java.util.ArrayList.forEach(ArrayList.java:1541)
at org.testng.TestRunner.privateRun(TestRunner.java:794)
at org.testng.TestRunner.run(TestRunner.java:596)
at org.testng.SuiteRunner.runTest(SuiteRunner.java:377)
at org.testng.SuiteRunner.runSequentially(SuiteRunner.java:371)
at org.testng.SuiteRunner.privateRun(SuiteRunner.java:332)
at org.testng.SuiteRunner.run(SuiteRunner.java:276)
at org.testng.SuiteRunnerWorker.runSuite(SuiteRunnerWorker.java:53)
at org.testng.SuiteRunnerWorker.run(SuiteRunnerWorker.java:96)
at org.testng.TestNG.runSuitesSequentially(TestNG.java:1212)
at org.testng.TestNG.runSuitesLocally(TestNG.java:1134)
at org.testng.TestNG.runSuites(TestNG.java:1063)
at org.testng.TestNG.run(TestNG.java:1031)
at org.testng.remote.AbstractRemoteTestNG.run(AbstractRemoteTestNG.java:115)
at org.testng.remote.RemoteTestNG.initAndRun(RemoteTestNG.java:251)
at org.testng.remote.RemoteTestNG.main(RemoteTestNG.java:77)
]]>
            </full-stacktrace>
          </exception> <!-- java.lang.AssertionError -->
          <reporter-output>
          </reporter-output>
        </test-method> <!-- chooseGear -->
        <test-method is-config="true" signature="logoutapplication()[pri:0, instance:com.tyss.magentoAutomation.TestCase.TYSS_Magento_TC001_Test@449a4f23]" started-at="2024-01-04T12:54:25 IST" name="logoutapplication" finished-at="2024-01-04T12:54:25 IST" duration-ms="0" status="PASS">
          <reporter-output>
          </reporter-output>
        </test-method> <!-- logoutapplication -->
        <test-method is-config="true" signature="closebrowser()[pri:0, instance:com.tyss.magentoAutomation.TestCase.TYSS_Magento_TC001_Test@449a4f23]" started-at="2024-01-04T12:54:25 IST" name="closebrowser" finished-at="2024-01-04T12:54:25 IST" duration-ms="0" status="PASS">
          <reporter-output>
          </reporter-output>
        </test-method> <!-- closebrowser -->
        <test-method is-config="true" signature="executioncompleted()[pri:0, instance:com.tyss.magentoAutomation.TestCase.TYSS_Magento_TC001_Test@449a4f23]" started-at="2024-01-04T12:54:25 IST" name="executioncompleted" finished-at="2024-01-04T12:54:25 IST" duration-ms="0" status="PASS">
          <reporter-output>
          </reporter-output>
        </test-method> <!-- executioncompleted -->
        <test-method is-config="true" signature="closedatabase()[pri:0, instance:com.tyss.magentoAutomation.TestCase.TYSS_Magento_TC001_Test@449a4f23]" started-at="2024-01-04T12:54:25 IST" name="closedatabase" finished-at="2024-01-04T12:54:25 IST" duration-ms="0" status="PASS">
          <reporter-output>
          </reporter-output>
        </test-method> <!-- closedatabase -->
      </class> <!-- com.tyss.magentoAutomation.TestCase.TYSS_Magento_TC001_Test -->
    </test> <!-- Default test -->
  </suite> <!-- Default suite -->
</testng-results>
